c:\users\anna-kaisa\hostview\trunk\src\hostview\__debug__win32\hostview.pch
c:\users\anna-kaisa\hostview\trunk\src\hostview\__debug__win32\vc140.pdb
c:\users\anna-kaisa\hostview\trunk\src\hostview\__debug__win32\vc140.idb
c:\users\anna-kaisa\hostview\trunk\src\hostview\__debug__win32\stdafx.obj
c:\users\anna-kaisa\hostview\trunk\src\hostview\__debug__win32\esmwizard.obj
c:\users\anna-kaisa\hostview\trunk\src\hostview\__debug__win32\hostview.obj
c:\users\anna-kaisa\hostview\trunk\src\hostview\__debug__win32\htmldialog.obj
c:\users\anna-kaisa\hostview\trunk\src\hostview\__debug__win32\netwizard.obj
c:\users\anna-kaisa\hostview\trunk\bin\win32\debug\hostview.ilk
c:\users\anna-kaisa\hostview\trunk\bin\win32\debug\hostview.exe
c:\users\anna-kaisa\hostview\trunk\bin\win32\debug\hostview.pdb
c:\users\anna-kaisa\hostview\trunk\src\hostview\__debug__win32\hostview.res
c:\users\anna-kaisa\hostview\trunk\\bin\win32\debug\hostview.pdb
c:\users\anna-kaisa\hostview\trunk\\bin\win32\debug\hostview.exe
c:\users\anna-kaisa\hostview\trunk\\bin\win32\debug\hostview.ilk
c:\users\anna-kaisa\hostview\trunk\src\hostview\__debug__win32\hostview.tlog\cl.command.1.tlog
c:\users\anna-kaisa\hostview\trunk\src\hostview\__debug__win32\hostview.tlog\cl.read.1.tlog
c:\users\anna-kaisa\hostview\trunk\src\hostview\__debug__win32\hostview.tlog\cl.write.1.tlog
c:\users\anna-kaisa\hostview\trunk\src\hostview\__debug__win32\hostview.tlog\link.command.1.tlog
c:\users\anna-kaisa\hostview\trunk\src\hostview\__debug__win32\hostview.tlog\link.read.1.tlog
c:\users\anna-kaisa\hostview\trunk\src\hostview\__debug__win32\hostview.tlog\link.write.1.tlog
c:\users\anna-kaisa\hostview\trunk\src\hostview\__debug__win32\hostview.tlog\rc.command.1.tlog
c:\users\anna-kaisa\hostview\trunk\src\hostview\__debug__win32\hostview.tlog\rc.read.1.tlog
c:\users\anna-kaisa\hostview\trunk\src\hostview\__debug__win32\hostview.tlog\rc.write.1.tlog
