c:\users\anna-kaisa\hostview\trunk\src\store\__release__x64\store.pch
c:\users\anna-kaisa\hostview\trunk\src\store\__release__x64\vc140.pdb
c:\users\anna-kaisa\hostview\trunk\src\store\__release__x64\stdafx.obj
c:\users\anna-kaisa\hostview\trunk\src\store\__release__x64\update.obj
c:\users\anna-kaisa\hostview\trunk\src\store\__release__x64\store.obj
c:\users\anna-kaisa\hostview\trunk\src\store\__release__x64\settings.obj
c:\users\anna-kaisa\hostview\trunk\src\store\__release__x64\questionnaire.obj
c:\users\anna-kaisa\hostview\trunk\src\store\__release__x64\knownnetworks.obj
c:\users\anna-kaisa\hostview\trunk\src\store\__release__x64\comm.obj
c:\users\anna-kaisa\hostview\trunk\src\store\__release__x64\sqlite3.obj
c:\users\anna-kaisa\hostview\trunk\bin\x64\release\store.dll
c:\users\anna-kaisa\hostview\trunk\bin\x64\release\store.ipdb
c:\users\anna-kaisa\hostview\trunk\bin\x64\release\store.iobj
c:\users\anna-kaisa\hostview\trunk\bin\x64\release\store.pdb
c:\users\anna-kaisa\hostview\trunk\src\store\__release__x64\store.res
c:\users\anna-kaisa\hostview\trunk\lib\x64\store.lib
c:\users\anna-kaisa\hostview\trunk\lib\x64\store.exp
c:\users\anna-kaisa\hostview\trunk\\bin\x64\release\store.pdb
c:\users\anna-kaisa\hostview\trunk\\bin\x64\release\store.dll
c:\users\anna-kaisa\hostview\trunk\src\store\__release__x64\store.tlog\cl.command.1.tlog
c:\users\anna-kaisa\hostview\trunk\src\store\__release__x64\store.tlog\cl.read.1.tlog
c:\users\anna-kaisa\hostview\trunk\src\store\__release__x64\store.tlog\cl.write.1.tlog
c:\users\anna-kaisa\hostview\trunk\src\store\__release__x64\store.tlog\link.command.1.tlog
c:\users\anna-kaisa\hostview\trunk\src\store\__release__x64\store.tlog\link.read.1.tlog
c:\users\anna-kaisa\hostview\trunk\src\store\__release__x64\store.tlog\link.write.1.tlog
c:\users\anna-kaisa\hostview\trunk\src\store\__release__x64\store.tlog\rc.command.1.tlog
c:\users\anna-kaisa\hostview\trunk\src\store\__release__x64\store.tlog\rc.read.1.tlog
c:\users\anna-kaisa\hostview\trunk\src\store\__release__x64\store.tlog\rc.write.1.tlog
c:\users\anna-kaisa\hostview\trunk\src\store\__release__x64\store.tlog\store.write.1u.tlog
