  stdafx.cpp
  comm.cpp
comm.cpp(99): warning C4477: 'printf' : format string '%X' requires an argument of type 'unsigned int', but variadic argument 1 has type 'HANDLE'
comm.cpp(99): warning C4313: 'printf': '%X' in format string conflicts with argument 1 of type 'HANDLE'
  KnownNetworks.cpp
  questionnaire.cpp
  Settings.cpp
  Store.cpp
C:\Users\Anna-Kaisa\hostview\trunk\include\Store.h(18): warning C4091: 'typedef ': ignored on left of 'IoDevice' when no variable is declared
Store.cpp(80): warning C4477: 'sprintf_s' : format string '%d' requires an argument of type 'int', but variadic argument 1 has type 'time_t'
  Store.cpp(80): note: consider using '%lld' in the format string
  Store.cpp(80): note: consider using '%Id' in the format string
  Store.cpp(80): note: consider using '%I64d' in the format string
c:\users\anna-kaisa\hostview\trunk\src\store\StringProcess.h(128): warning C4267: 'initializing': conversion from 'size_t' to 'unsigned int', possible loss of data
c:\users\anna-kaisa\hostview\trunk\src\store\StringProcess.h(148): warning C4267: 'initializing': conversion from 'size_t' to 'unsigned int', possible loss of data
c:\users\anna-kaisa\hostview\trunk\src\store\StringProcess.h(243): warning C4267: 'argument': conversion from 'size_t' to 'int', possible loss of data
c:\users\anna-kaisa\hostview\trunk\src\store\StringProcess.h(261): warning C4267: 'argument': conversion from 'size_t' to 'int', possible loss of data
c:\users\anna-kaisa\hostview\trunk\src\store\StringProcess.h(322): warning C4267: 'initializing': conversion from 'size_t' to 'unsigned int', possible loss of data
c:\users\anna-kaisa\hostview\trunk\src\store\StringProcess.h(338): warning C4267: '=': conversion from 'size_t' to 'unsigned int', possible loss of data
c:\users\anna-kaisa\hostview\trunk\src\store\StringProcess.h(367): warning C4267: '+=': conversion from 'size_t' to 'unsigned int', possible loss of data
c:\users\anna-kaisa\hostview\trunk\src\store\StringProcess.h(371): warning C4267: '+=': conversion from 'size_t' to 'unsigned int', possible loss of data
c:\users\anna-kaisa\hostview\trunk\src\store\StringProcess.h(462): warning C4267: 'argument': conversion from 'size_t' to 'DWORD', possible loss of data
c:\users\anna-kaisa\hostview\trunk\src\store\StringProcess.h(534): warning C4267: 'initializing': conversion from 'size_t' to 'unsigned int', possible loss of data
c:\users\anna-kaisa\hostview\trunk\src\store\StringProcess.h(537): warning C4267: '=': conversion from 'size_t' to 'unsigned int', possible loss of data
c:\users\anna-kaisa\hostview\trunk\src\store\WinHttpClient.h(199): warning C4267: 'argument': conversion from 'size_t' to 'DWORD', possible loss of data
c:\users\anna-kaisa\hostview\trunk\src\store\WinHttpClient.h(238): warning C4267: 'argument': conversion from 'size_t' to 'DWORD', possible loss of data
c:\users\anna-kaisa\hostview\trunk\src\store\WinHttpClient.h(247): warning C4267: 'argument': conversion from 'size_t' to 'DWORD', possible loss of data
c:\users\anna-kaisa\hostview\trunk\src\store\WinHttpClient.h(268): warning C4267: 'argument': conversion from 'size_t' to 'DWORD', possible loss of data
c:\users\anna-kaisa\hostview\trunk\src\store\WinHttpClient.h(274): warning C4267: 'argument': conversion from 'size_t' to 'DWORD', possible loss of data
Store.cpp(474): warning C4477: 'swprintf_s' : format string '%d' requires an argument of type 'int', but variadic argument 6 has type 'size_t'
  Store.cpp(474): note: consider using '%zd' in the format string
Store.cpp(474): warning C4477: 'swprintf_s' : format string '%d' requires an argument of type 'int', but variadic argument 7 has type 'size_t'
  Store.cpp(474): note: consider using '%zd' in the format string
Store.cpp(483): warning C4477: 'swprintf_s' : format string '%d' requires an argument of type 'int', but variadic argument 1 has type 'size_t'
  Store.cpp(483): note: consider using '%zd' in the format string
Store.cpp(578): warning C4477: 'fprintf' : format string '%d' requires an argument of type 'int', but variadic argument 1 has type 'time_t'
  Store.cpp(578): note: consider using '%lld' in the format string
  Store.cpp(578): note: consider using '%Id' in the format string
  Store.cpp(578): note: consider using '%I64d' in the format string
  update.cpp
  sqlite3.c
sqlite3.c(29693): warning C4996: 'GetVersionExW': was declared deprecated
  C:\Program Files (x86)\Windows Kits\8.1\Include\um\sysinfoapi.h(442): note: see declaration of 'GetVersionExW'
     Creating library C:\Users\Anna-Kaisa\hostview\trunk\\lib\x64\store.lib and object C:\Users\Anna-Kaisa\hostview\trunk\\lib\x64\store.exp
  Generating code
  All 3159 functions were compiled because no usable IPDB/IOBJ from previous compilation was found.
  Finished generating code
  store.vcxproj -> C:\Users\Anna-Kaisa\hostview\trunk\\bin\x64\Release\store.dll
