c:\users\anna-kaisa\hostview\trunk\src\proc\__debug__win32\proc.pch
c:\users\anna-kaisa\hostview\trunk\src\proc\__debug__win32\vc140.pdb
c:\users\anna-kaisa\hostview\trunk\src\proc\__debug__win32\vc140.idb
c:\users\anna-kaisa\hostview\trunk\src\proc\__debug__win32\stdafx.obj
c:\users\anna-kaisa\hostview\trunk\src\proc\__debug__win32\icon.obj
c:\users\anna-kaisa\hostview\trunk\src\proc\__debug__win32\installed.obj
c:\users\anna-kaisa\hostview\trunk\src\proc\__debug__win32\proc.obj
c:\users\anna-kaisa\hostview\trunk\bin\win32\debug\proc.ilk
c:\users\anna-kaisa\hostview\trunk\bin\win32\debug\proc.dll
c:\users\anna-kaisa\hostview\trunk\bin\win32\debug\proc.pdb
c:\users\anna-kaisa\hostview\trunk\lib\win32\proc.lib
c:\users\anna-kaisa\hostview\trunk\lib\win32\proc.exp
c:\users\anna-kaisa\hostview\trunk\src\proc\__debug__win32\proc.res
c:\users\anna-kaisa\hostview\trunk\\bin\win32\debug\proc.pdb
c:\users\anna-kaisa\hostview\trunk\\bin\win32\debug\proc.dll
c:\users\anna-kaisa\hostview\trunk\\bin\win32\debug\proc.ilk
c:\users\anna-kaisa\hostview\trunk\src\proc\__debug__win32\proc.tlog\cl.command.1.tlog
c:\users\anna-kaisa\hostview\trunk\src\proc\__debug__win32\proc.tlog\cl.read.1.tlog
c:\users\anna-kaisa\hostview\trunk\src\proc\__debug__win32\proc.tlog\cl.write.1.tlog
c:\users\anna-kaisa\hostview\trunk\src\proc\__debug__win32\proc.tlog\link.command.1.tlog
c:\users\anna-kaisa\hostview\trunk\src\proc\__debug__win32\proc.tlog\link.read.1.tlog
c:\users\anna-kaisa\hostview\trunk\src\proc\__debug__win32\proc.tlog\link.write.1.tlog
c:\users\anna-kaisa\hostview\trunk\src\proc\__debug__win32\proc.tlog\proc.write.1u.tlog
c:\users\anna-kaisa\hostview\trunk\src\proc\__debug__win32\proc.tlog\rc.command.1.tlog
c:\users\anna-kaisa\hostview\trunk\src\proc\__debug__win32\proc.tlog\rc.read.1.tlog
c:\users\anna-kaisa\hostview\trunk\src\proc\__debug__win32\proc.tlog\rc.write.1.tlog
