  stdafx.cpp
  proc.cpp
c:\users\anna-kaisa\hostview\trunk\src\proc\proc.cpp(165): warning C4244: '=': conversion from 'int' to 'ADDRESS_FAMILY', possible loss of data
c:\users\anna-kaisa\hostview\trunk\src\proc\proc.cpp(170): warning C4244: '=': conversion from 'int' to 'ADDRESS_FAMILY', possible loss of data
c:\users\anna-kaisa\hostview\trunk\src\proc\proc.cpp(181): warning C4996: 'WSAAddressToStringA': Use WSAAddressToStringW() instead or define _WINSOCK_DEPRECATED_NO_WARNINGS to disable deprecated API warnings
  c:\program files (x86)\windows kits\8.1\include\um\winsock2.h(3556): note: see declaration of 'WSAAddressToStringA'
c:\users\anna-kaisa\hostview\trunk\src\proc\proc.cpp(183): warning C4189: 'dwErr': local variable is initialized but not referenced
c:\users\anna-kaisa\hostview\trunk\src\proc\proc.cpp(222): warning C4244: 'argument': conversion from 'int' to 'u_short', possible loss of data
c:\users\anna-kaisa\hostview\trunk\src\proc\proc.cpp(254): warning C4244: 'argument': conversion from 'int' to 'u_short', possible loss of data
c:\users\anna-kaisa\hostview\trunk\src\proc\proc.cpp(294): warning C4244: 'argument': conversion from 'int' to 'u_short', possible loss of data
c:\users\anna-kaisa\hostview\trunk\src\proc\proc.cpp(327): warning C4244: 'argument': conversion from 'int' to 'u_short', possible loss of data
c:\users\anna-kaisa\hostview\trunk\src\proc\proc.cpp(403): warning C4189: 'dwType': local variable is initialized but not referenced
c:\users\anna-kaisa\hostview\trunk\src\proc\proc.cpp(964): warning C4189: 'dwCode': local variable is initialized but not referenced
c:\users\anna-kaisa\hostview\trunk\src\proc\handles.h(119): warning C4245: 'initializing': conversion from 'int' to 'DWORD', signed/unsigned mismatch
  installed.cpp
  icon.cpp
c:\users\anna-kaisa\hostview\trunk\src\proc\icon.cpp(68): warning C4244: '=': conversion from 'int' to 'WORD', possible loss of data
c:\users\anna-kaisa\hostview\trunk\src\proc\icon.cpp(171): warning C4244: '=': conversion from 'UINT' to 'BYTE', possible loss of data
c:\users\anna-kaisa\hostview\trunk\src\proc\icon.cpp(147): warning C4100: 'nIdx': unreferenced formal parameter
  Generating Code...
c:\users\anna-kaisa\hostview\trunk\src\proc\proc.cpp(936): warning C4701: potentially uninitialized local variable 'temp' used
     Creating library C:\Users\Anna-Kaisa\hostview\trunk\\lib\Win32\proc.lib and object C:\Users\Anna-Kaisa\hostview\trunk\\lib\Win32\proc.exp
  proc.vcxproj -> C:\Users\Anna-Kaisa\hostview\trunk\\bin\Win32\Debug\proc.dll
