c:\users\anna-kaisa\hostview\trunk\src\hostviewcli\__debug__win32\hostviewcli.pch
c:\users\anna-kaisa\hostview\trunk\src\hostviewcli\__debug__win32\vc140.pdb
c:\users\anna-kaisa\hostview\trunk\src\hostviewcli\__debug__win32\vc140.idb
c:\users\anna-kaisa\hostview\trunk\src\hostviewcli\__debug__win32\stdafx.obj
c:\users\anna-kaisa\hostview\trunk\src\hostviewcli\__debug__win32\hostviewcli.obj
c:\users\anna-kaisa\hostview\trunk\src\hostviewcli\__debug__win32\hostviewservice.obj
c:\users\anna-kaisa\hostview\trunk\src\hostviewcli\__debug__win32\servicebase.obj
c:\users\anna-kaisa\hostview\trunk\src\hostviewcli\__debug__win32\serviceinstaller.obj
c:\users\anna-kaisa\hostview\trunk\bin\win32\debug\hostviewcli.ilk
c:\users\anna-kaisa\hostview\trunk\bin\win32\debug\hostviewcli.exe
c:\users\anna-kaisa\hostview\trunk\bin\win32\debug\hostviewcli.pdb
c:\users\anna-kaisa\hostview\trunk\src\hostviewcli\__debug__win32\hostviewcli.res
c:\users\anna-kaisa\hostview\trunk\\bin\win32\debug\hostviewcli.pdb
c:\users\anna-kaisa\hostview\trunk\\bin\win32\debug\hostviewcli.exe
c:\users\anna-kaisa\hostview\trunk\\bin\win32\debug\hostviewcli.ilk
c:\users\anna-kaisa\hostview\trunk\src\hostviewcli\__debug__win32\hostviewcli.tlog\cl.command.1.tlog
c:\users\anna-kaisa\hostview\trunk\src\hostviewcli\__debug__win32\hostviewcli.tlog\cl.read.1.tlog
c:\users\anna-kaisa\hostview\trunk\src\hostviewcli\__debug__win32\hostviewcli.tlog\cl.write.1.tlog
c:\users\anna-kaisa\hostview\trunk\src\hostviewcli\__debug__win32\hostviewcli.tlog\link.command.1.tlog
c:\users\anna-kaisa\hostview\trunk\src\hostviewcli\__debug__win32\hostviewcli.tlog\link.read.1.tlog
c:\users\anna-kaisa\hostview\trunk\src\hostviewcli\__debug__win32\hostviewcli.tlog\link.write.1.tlog
c:\users\anna-kaisa\hostview\trunk\src\hostviewcli\__debug__win32\hostviewcli.tlog\rc.command.1.tlog
c:\users\anna-kaisa\hostview\trunk\src\hostviewcli\__debug__win32\hostviewcli.tlog\rc.read.1.tlog
c:\users\anna-kaisa\hostview\trunk\src\hostviewcli\__debug__win32\hostviewcli.tlog\rc.write.1.tlog
