c:\users\anna-kaisa\hostview\trunk\src\pcap\__release__win32\pcap.pch
c:\users\anna-kaisa\hostview\trunk\src\pcap\__release__win32\vc140.pdb
c:\users\anna-kaisa\hostview\trunk\src\pcap\__release__win32\stdafx.obj
c:\users\anna-kaisa\hostview\trunk\src\pcap\__release__win32\network.obj
c:\users\anna-kaisa\hostview\trunk\src\pcap\__release__win32\http.obj
c:\users\anna-kaisa\hostview\trunk\src\pcap\__release__win32\capture.obj
c:\users\anna-kaisa\hostview\trunk\bin\win32\release\pcap.dll
c:\users\anna-kaisa\hostview\trunk\bin\win32\release\pcap.ipdb
c:\users\anna-kaisa\hostview\trunk\bin\win32\release\pcap.iobj
c:\users\anna-kaisa\hostview\trunk\bin\win32\release\pcap.pdb
c:\users\anna-kaisa\hostview\trunk\lib\win32\pcap.lib
c:\users\anna-kaisa\hostview\trunk\lib\win32\pcap.exp
c:\users\anna-kaisa\hostview\trunk\src\pcap\__release__win32\pcap.res
c:\users\anna-kaisa\hostview\trunk\\bin\win32\release\pcap.pdb
c:\users\anna-kaisa\hostview\trunk\\bin\win32\release\pcap.dll
c:\users\anna-kaisa\hostview\trunk\src\pcap\__release__win32\pcap.tlog\cl.command.1.tlog
c:\users\anna-kaisa\hostview\trunk\src\pcap\__release__win32\pcap.tlog\cl.read.1.tlog
c:\users\anna-kaisa\hostview\trunk\src\pcap\__release__win32\pcap.tlog\cl.write.1.tlog
c:\users\anna-kaisa\hostview\trunk\src\pcap\__release__win32\pcap.tlog\link.command.1.tlog
c:\users\anna-kaisa\hostview\trunk\src\pcap\__release__win32\pcap.tlog\link.read.1.tlog
c:\users\anna-kaisa\hostview\trunk\src\pcap\__release__win32\pcap.tlog\link.write.1.tlog
c:\users\anna-kaisa\hostview\trunk\src\pcap\__release__win32\pcap.tlog\pcap.write.1u.tlog
c:\users\anna-kaisa\hostview\trunk\src\pcap\__release__win32\pcap.tlog\rc.command.1.tlog
c:\users\anna-kaisa\hostview\trunk\src\pcap\__release__win32\pcap.tlog\rc.read.1.tlog
c:\users\anna-kaisa\hostview\trunk\src\pcap\__release__win32\pcap.tlog\rc.write.1.tlog
