  stdafx.cpp
  update.cpp
  Store.cpp
c:\users\anna-kaisa\hostview\trunk\include\store.h(18): warning C4091: 'typedef ': ignored on left of 'IoDevice' when no variable is declared
c:\users\anna-kaisa\hostview\trunk\src\store\store.cpp(80): warning C4477: 'sprintf_s' : format string '%d' requires an argument of type 'int', but variadic argument 1 has type 'time_t'
  c:\users\anna-kaisa\hostview\trunk\src\store\store.cpp(80): note: consider using '%lld' in the format string
  c:\users\anna-kaisa\hostview\trunk\src\store\store.cpp(80): note: consider using '%Id' in the format string
  c:\users\anna-kaisa\hostview\trunk\src\store\store.cpp(80): note: consider using '%I64d' in the format string
c:\users\anna-kaisa\hostview\trunk\src\store\stringprocess.h(128): warning C4267: 'initializing': conversion from 'size_t' to 'unsigned int', possible loss of data
c:\users\anna-kaisa\hostview\trunk\src\store\stringprocess.h(148): warning C4267: 'initializing': conversion from 'size_t' to 'unsigned int', possible loss of data
c:\users\anna-kaisa\hostview\trunk\src\store\stringprocess.h(243): warning C4267: 'argument': conversion from 'size_t' to 'int', possible loss of data
c:\users\anna-kaisa\hostview\trunk\src\store\stringprocess.h(261): warning C4267: 'argument': conversion from 'size_t' to 'int', possible loss of data
c:\users\anna-kaisa\hostview\trunk\src\store\stringprocess.h(322): warning C4267: 'initializing': conversion from 'size_t' to 'unsigned int', possible loss of data
c:\users\anna-kaisa\hostview\trunk\src\store\stringprocess.h(338): warning C4267: '=': conversion from 'size_t' to 'unsigned int', possible loss of data
c:\users\anna-kaisa\hostview\trunk\src\store\stringprocess.h(367): warning C4267: '+=': conversion from 'size_t' to 'unsigned int', possible loss of data
c:\users\anna-kaisa\hostview\trunk\src\store\stringprocess.h(371): warning C4267: '+=': conversion from 'size_t' to 'unsigned int', possible loss of data
c:\users\anna-kaisa\hostview\trunk\src\store\stringprocess.h(462): warning C4267: 'argument': conversion from 'size_t' to 'DWORD', possible loss of data
c:\users\anna-kaisa\hostview\trunk\src\store\stringprocess.h(534): warning C4267: 'initializing': conversion from 'size_t' to 'unsigned int', possible loss of data
c:\users\anna-kaisa\hostview\trunk\src\store\stringprocess.h(537): warning C4267: '=': conversion from 'size_t' to 'unsigned int', possible loss of data
c:\users\anna-kaisa\hostview\trunk\src\store\winhttpclient.h(199): warning C4267: 'argument': conversion from 'size_t' to 'DWORD', possible loss of data
c:\users\anna-kaisa\hostview\trunk\src\store\winhttpclient.h(238): warning C4267: 'argument': conversion from 'size_t' to 'DWORD', possible loss of data
c:\users\anna-kaisa\hostview\trunk\src\store\winhttpclient.h(247): warning C4267: 'argument': conversion from 'size_t' to 'DWORD', possible loss of data
c:\users\anna-kaisa\hostview\trunk\src\store\winhttpclient.h(268): warning C4267: 'argument': conversion from 'size_t' to 'DWORD', possible loss of data
c:\users\anna-kaisa\hostview\trunk\src\store\winhttpclient.h(274): warning C4267: 'argument': conversion from 'size_t' to 'DWORD', possible loss of data
c:\users\anna-kaisa\hostview\trunk\src\store\store.cpp(474): warning C4477: 'swprintf_s' : format string '%d' requires an argument of type 'int', but variadic argument 6 has type 'size_t'
  c:\users\anna-kaisa\hostview\trunk\src\store\store.cpp(474): note: consider using '%zd' in the format string
c:\users\anna-kaisa\hostview\trunk\src\store\store.cpp(474): warning C4477: 'swprintf_s' : format string '%d' requires an argument of type 'int', but variadic argument 7 has type 'size_t'
  c:\users\anna-kaisa\hostview\trunk\src\store\store.cpp(474): note: consider using '%zd' in the format string
c:\users\anna-kaisa\hostview\trunk\src\store\store.cpp(483): warning C4477: 'swprintf_s' : format string '%d' requires an argument of type 'int', but variadic argument 1 has type 'size_t'
  c:\users\anna-kaisa\hostview\trunk\src\store\store.cpp(483): note: consider using '%zd' in the format string
c:\users\anna-kaisa\hostview\trunk\src\store\store.cpp(578): warning C4477: 'fprintf' : format string '%d' requires an argument of type 'int', but variadic argument 1 has type 'time_t'
  c:\users\anna-kaisa\hostview\trunk\src\store\store.cpp(578): note: consider using '%lld' in the format string
  c:\users\anna-kaisa\hostview\trunk\src\store\store.cpp(578): note: consider using '%Id' in the format string
  c:\users\anna-kaisa\hostview\trunk\src\store\store.cpp(578): note: consider using '%I64d' in the format string
  Settings.cpp
  questionnaire.cpp
  KnownNetworks.cpp
  comm.cpp
c:\users\anna-kaisa\hostview\trunk\src\store\comm.cpp(99): warning C4477: 'printf' : format string '%X' requires an argument of type 'unsigned int', but variadic argument 1 has type 'HANDLE'
c:\users\anna-kaisa\hostview\trunk\src\store\comm.cpp(99): warning C4313: 'printf': '%X' in format string conflicts with argument 1 of type 'HANDLE'
  Generating Code...
  sqlite3.c
c:\users\anna-kaisa\hostview\trunk\src\store\sqlite3.c(29693): warning C4996: 'GetVersionExW': was declared deprecated
  c:\program files (x86)\windows kits\8.1\include\um\sysinfoapi.h(442): note: see declaration of 'GetVersionExW'
     Creating library C:\Users\Anna-Kaisa\hostview\trunk\\lib\x64\store.lib and object C:\Users\Anna-Kaisa\hostview\trunk\\lib\x64\store.exp
  store.vcxproj -> C:\Users\Anna-Kaisa\hostview\trunk\\bin\x64\Debug\store.dll
