c:\users\anna-kaisa\hostview\trunk\src\hostviewbho\__debug__x64\vc140.pdb
c:\users\anna-kaisa\hostview\trunk\src\hostviewbho\__debug__x64\plugin.obj
c:\users\anna-kaisa\hostview\trunk\src\hostviewbho\__debug__x64\dllmain.obj
c:\users\anna-kaisa\hostview\trunk\src\hostviewbho\__debug__x64\eventsink.obj
c:\users\anna-kaisa\hostview\trunk\src\hostviewbho\__debug__x64\factory.obj
c:\users\anna-kaisa\hostview\trunk\bin\x64\debug\hostviewbho.lib
c:\users\anna-kaisa\hostview\trunk\bin\x64\debug\hostviewbho.exp
c:\users\anna-kaisa\hostview\trunk\bin\x64\debug\hostviewbho.ilk
c:\users\anna-kaisa\hostview\trunk\bin\x64\debug\hostviewbho.dll
c:\users\anna-kaisa\hostview\trunk\bin\x64\debug\hostviewbho.pdb
c:\users\anna-kaisa\hostview\trunk\\bin\x64\debug\hostviewbho.pdb
c:\users\anna-kaisa\hostview\trunk\\bin\x64\debug\hostviewbho.dll
c:\users\anna-kaisa\hostview\trunk\\bin\x64\debug\hostviewbho.ilk
c:\users\anna-kaisa\hostview\trunk\src\hostviewbho\__debug__x64\hostviewbho.tlog\cl.command.1.tlog
c:\users\anna-kaisa\hostview\trunk\src\hostviewbho\__debug__x64\hostviewbho.tlog\cl.read.1.tlog
c:\users\anna-kaisa\hostview\trunk\src\hostviewbho\__debug__x64\hostviewbho.tlog\cl.write.1.tlog
c:\users\anna-kaisa\hostview\trunk\src\hostviewbho\__debug__x64\hostviewbho.tlog\hostviewbho.write.1u.tlog
c:\users\anna-kaisa\hostview\trunk\src\hostviewbho\__debug__x64\hostviewbho.tlog\link.command.1.tlog
c:\users\anna-kaisa\hostview\trunk\src\hostviewbho\__debug__x64\hostviewbho.tlog\link.read.1.tlog
c:\users\anna-kaisa\hostview\trunk\src\hostviewbho\__debug__x64\hostviewbho.tlog\link.write.1.tlog
