c:\users\anna-kaisa\hostview\trunk\src\store\__debug__win32\store.pch
c:\users\anna-kaisa\hostview\trunk\src\store\__debug__win32\vc140.pdb
c:\users\anna-kaisa\hostview\trunk\src\store\__debug__win32\vc140.idb
c:\users\anna-kaisa\hostview\trunk\src\store\__debug__win32\stdafx.obj
c:\users\anna-kaisa\hostview\trunk\src\store\__debug__win32\comm.obj
c:\users\anna-kaisa\hostview\trunk\src\store\__debug__win32\knownnetworks.obj
c:\users\anna-kaisa\hostview\trunk\src\store\__debug__win32\questionnaire.obj
c:\users\anna-kaisa\hostview\trunk\src\store\__debug__win32\settings.obj
c:\users\anna-kaisa\hostview\trunk\src\store\__debug__win32\store.obj
c:\users\anna-kaisa\hostview\trunk\src\store\__debug__win32\update.obj
c:\users\anna-kaisa\hostview\trunk\src\store\__debug__win32\sqlite3.obj
c:\users\anna-kaisa\hostview\trunk\bin\win32\debug\store.ilk
c:\users\anna-kaisa\hostview\trunk\bin\win32\debug\store.dll
c:\users\anna-kaisa\hostview\trunk\bin\win32\debug\store.pdb
c:\users\anna-kaisa\hostview\trunk\src\store\__debug__win32\store.res
c:\users\anna-kaisa\hostview\trunk\lib\win32\store.lib
c:\users\anna-kaisa\hostview\trunk\lib\win32\store.exp
c:\users\anna-kaisa\hostview\trunk\\bin\win32\debug\store.pdb
c:\users\anna-kaisa\hostview\trunk\\bin\win32\debug\store.dll
c:\users\anna-kaisa\hostview\trunk\\bin\win32\debug\store.ilk
c:\users\anna-kaisa\hostview\trunk\src\store\__debug__win32\store.tlog\cl.command.1.tlog
c:\users\anna-kaisa\hostview\trunk\src\store\__debug__win32\store.tlog\cl.read.1.tlog
c:\users\anna-kaisa\hostview\trunk\src\store\__debug__win32\store.tlog\cl.write.1.tlog
c:\users\anna-kaisa\hostview\trunk\src\store\__debug__win32\store.tlog\link.command.1.tlog
c:\users\anna-kaisa\hostview\trunk\src\store\__debug__win32\store.tlog\link.read.1.tlog
c:\users\anna-kaisa\hostview\trunk\src\store\__debug__win32\store.tlog\link.write.1.tlog
c:\users\anna-kaisa\hostview\trunk\src\store\__debug__win32\store.tlog\rc.command.1.tlog
c:\users\anna-kaisa\hostview\trunk\src\store\__debug__win32\store.tlog\rc.read.1.tlog
c:\users\anna-kaisa\hostview\trunk\src\store\__debug__win32\store.tlog\rc.write.1.tlog
c:\users\anna-kaisa\hostview\trunk\src\store\__debug__win32\store.tlog\store.write.1u.tlog
