  stdafx.cpp
  update.cpp
  Store.cpp
c:\users\anna-kaisa\hostview\trunk\include\store.h(18): warning C4091: 'typedef ': ignored on left of 'IoDevice' when no variable is declared
c:\users\anna-kaisa\hostview\trunk\src\store\store.cpp(80): warning C4477: 'sprintf_s' : format string '%d' requires an argument of type 'int', but variadic argument 1 has type 'time_t'
  c:\users\anna-kaisa\hostview\trunk\src\store\store.cpp(80): note: consider using '%lld' in the format string
  c:\users\anna-kaisa\hostview\trunk\src\store\store.cpp(80): note: consider using '%I64d' in the format string
c:\users\anna-kaisa\hostview\trunk\src\store\store.cpp(578): warning C4477: 'fprintf' : format string '%d' requires an argument of type 'int', but variadic argument 1 has type 'time_t'
  c:\users\anna-kaisa\hostview\trunk\src\store\store.cpp(578): note: consider using '%lld' in the format string
  c:\users\anna-kaisa\hostview\trunk\src\store\store.cpp(578): note: consider using '%I64d' in the format string
  Settings.cpp
  questionnaire.cpp
  KnownNetworks.cpp
  comm.cpp
c:\users\anna-kaisa\hostview\trunk\src\store\comm.cpp(99): warning C4477: 'printf' : format string '%X' requires an argument of type 'unsigned int', but variadic argument 1 has type 'HANDLE'
  Generating Code...
  sqlite3.c
c:\users\anna-kaisa\hostview\trunk\src\store\sqlite3.c(29693): warning C4996: 'GetVersionExW': was declared deprecated
  c:\program files (x86)\windows kits\8.1\include\um\sysinfoapi.h(442): note: see declaration of 'GetVersionExW'
     Creating library C:\Users\Anna-Kaisa\hostview\trunk\\lib\Win32\store.lib and object C:\Users\Anna-Kaisa\hostview\trunk\\lib\Win32\store.exp
  store.vcxproj -> C:\Users\Anna-Kaisa\hostview\trunk\\bin\Win32\Debug\store.dll
