c:\users\anna-kaisa\hostview\trunk\src\pcap\__debug__x64\pcap.pch
c:\users\anna-kaisa\hostview\trunk\src\pcap\__debug__x64\vc140.pdb
c:\users\anna-kaisa\hostview\trunk\src\pcap\__debug__x64\vc140.idb
c:\users\anna-kaisa\hostview\trunk\src\pcap\__debug__x64\stdafx.obj
c:\users\anna-kaisa\hostview\trunk\src\pcap\__debug__x64\capture.obj
c:\users\anna-kaisa\hostview\trunk\src\pcap\__debug__x64\http.obj
c:\users\anna-kaisa\hostview\trunk\src\pcap\__debug__x64\network.obj
c:\users\anna-kaisa\hostview\trunk\bin\x64\debug\pcap.ilk
c:\users\anna-kaisa\hostview\trunk\bin\x64\debug\pcap.dll
c:\users\anna-kaisa\hostview\trunk\bin\x64\debug\pcap.pdb
c:\users\anna-kaisa\hostview\trunk\lib\x64\pcap.lib
c:\users\anna-kaisa\hostview\trunk\lib\x64\pcap.exp
c:\users\anna-kaisa\hostview\trunk\src\pcap\__debug__x64\pcap.res
c:\users\anna-kaisa\hostview\trunk\\bin\x64\debug\pcap.pdb
c:\users\anna-kaisa\hostview\trunk\\bin\x64\debug\pcap.dll
c:\users\anna-kaisa\hostview\trunk\\bin\x64\debug\pcap.ilk
c:\users\anna-kaisa\hostview\trunk\src\pcap\__debug__x64\pcap.tlog\cl.command.1.tlog
c:\users\anna-kaisa\hostview\trunk\src\pcap\__debug__x64\pcap.tlog\cl.read.1.tlog
c:\users\anna-kaisa\hostview\trunk\src\pcap\__debug__x64\pcap.tlog\cl.write.1.tlog
c:\users\anna-kaisa\hostview\trunk\src\pcap\__debug__x64\pcap.tlog\link.command.1.tlog
c:\users\anna-kaisa\hostview\trunk\src\pcap\__debug__x64\pcap.tlog\link.read.1.tlog
c:\users\anna-kaisa\hostview\trunk\src\pcap\__debug__x64\pcap.tlog\link.write.1.tlog
c:\users\anna-kaisa\hostview\trunk\src\pcap\__debug__x64\pcap.tlog\pcap.write.1u.tlog
c:\users\anna-kaisa\hostview\trunk\src\pcap\__debug__x64\pcap.tlog\rc.command.1.tlog
c:\users\anna-kaisa\hostview\trunk\src\pcap\__debug__x64\pcap.tlog\rc.read.1.tlog
c:\users\anna-kaisa\hostview\trunk\src\pcap\__debug__x64\pcap.tlog\rc.write.1.tlog
