c:\users\anna-kaisa\hostview\trunk\src\hostviewbho\__debug__win32\vc140.pdb
c:\users\anna-kaisa\hostview\trunk\src\hostviewbho\__debug__win32\vc140.idb
c:\users\anna-kaisa\hostview\trunk\src\hostviewbho\__debug__win32\factory.obj
c:\users\anna-kaisa\hostview\trunk\src\hostviewbho\__debug__win32\eventsink.obj
c:\users\anna-kaisa\hostview\trunk\src\hostviewbho\__debug__win32\dllmain.obj
c:\users\anna-kaisa\hostview\trunk\src\hostviewbho\__debug__win32\plugin.obj
c:\users\anna-kaisa\hostview\trunk\bin\win32\debug\hostviewbho.lib
c:\users\anna-kaisa\hostview\trunk\bin\win32\debug\hostviewbho.exp
c:\users\anna-kaisa\hostview\trunk\bin\win32\debug\hostviewbho.ilk
c:\users\anna-kaisa\hostview\trunk\bin\win32\debug\hostviewbho.dll
c:\users\anna-kaisa\hostview\trunk\bin\win32\debug\hostviewbho.pdb
c:\users\anna-kaisa\hostview\trunk\\bin\win32\debug\hostviewbho.pdb
c:\users\anna-kaisa\hostview\trunk\\bin\win32\debug\hostviewbho.dll
c:\users\anna-kaisa\hostview\trunk\\bin\win32\debug\hostviewbho.ilk
c:\users\anna-kaisa\hostview\trunk\src\hostviewbho\__debug__win32\hostviewbho.tlog\cl.command.1.tlog
c:\users\anna-kaisa\hostview\trunk\src\hostviewbho\__debug__win32\hostviewbho.tlog\cl.read.1.tlog
c:\users\anna-kaisa\hostview\trunk\src\hostviewbho\__debug__win32\hostviewbho.tlog\cl.write.1.tlog
c:\users\anna-kaisa\hostview\trunk\src\hostviewbho\__debug__win32\hostviewbho.tlog\hostviewbho.write.1u.tlog
c:\users\anna-kaisa\hostview\trunk\src\hostviewbho\__debug__win32\hostviewbho.tlog\link.command.1.tlog
c:\users\anna-kaisa\hostview\trunk\src\hostviewbho\__debug__win32\hostviewbho.tlog\link.read.1.tlog
c:\users\anna-kaisa\hostview\trunk\src\hostviewbho\__debug__win32\hostviewbho.tlog\link.write.1.tlog
